{
  "stats": {
    "suites": 1,
    "tests": 2,
    "passes": 2,
    "pending": 0,
    "failures": 0,
    "start": "2026-05-04T23:47:48.836Z",
    "end": "2026-05-04T23:47:49.427Z",
    "duration": 591,
    "testsRegistered": 2,
    "passPercent": 100,
    "pendingPercent": 0,
    "other": 0,
    "hasOther": false,
    "skipped": 0,
    "hasSkipped": false
  },
  "results": [
    {
      "uuid": "d2c5e79c-3089-4bf9-b6b9-4eb78a400783",
      "title": "",
      "fullFile": "cypress/e2e/02_createPost.spec.js",
      "file": "cypress/e2e/02_createPost.spec.js",
      "beforeHooks": [],
      "afterHooks": [],
      "tests": [
        {
          "title": "should fail to create post with missing title",
          "fullTitle": "should fail to create post with missing title",
          "timedOut": null,
          "duration": 270,
          "state": "passed",
          "speed": "fast",
          "pass": true,
          "fail": false,
          "pending": false,
          "context": null,
          "code": "cy.request({\n  method: \"POST\",\n  url: \"/posts\",\n  failOnStatusCode: false,\n  body: {\n    body: \"Missing title\",\n    userId: 1\n  }\n}).then(response => {\n  // JSONPlaceholder will still return 201\n  expect(response.status).to.eq(201);\n});",
          "err": {},
          "uuid": "ad0fc5ff-fa11-4dfd-b0ec-2dd8606609bb",
          "parentUUID": "d2c5e79c-3089-4bf9-b6b9-4eb78a400783",
          "isHook": false,
          "skipped": false
        }
      ],
      "suites": [
        {
          "uuid": "58ad777f-e346-47ae-a9e9-c2317cf413bd",
          "title": "Spec 02 - Create Post",
          "fullFile": "",
          "file": "",
          "beforeHooks": [],
          "afterHooks": [],
          "tests": [
            {
              "title": "should create a post successfully",
              "fullTitle": "Spec 02 - Create Post should create a post successfully",
              "timedOut": null,
              "duration": 276,
              "state": "passed",
              "speed": "fast",
              "pass": true,
              "fail": false,
              "pending": false,
              "context": null,
              "code": "cy.fixture(\"createPost\").then(postData => {\n  cy.request({\n    method: \"POST\",\n    url: \"/posts\",\n    headers: {\n      Authorization: `Bearer ${Cypress.env(\"token\")}`\n    },\n    body: postData\n  }).then(response => {\n    expect(response.status).to.eq(201);\n    expect(response.body).to.have.property(\"id\");\n    const postId = response.body.id;\n    Cypress.env(\"createdPostId\", postId);\n    cy.task(\"setEnv\", {\n      key: \"createdPostId\",\n      value: postId\n    });\n  });\n});",
              "err": {},
              "uuid": "12352075-6b34-428f-9e03-8988d112e267",
              "parentUUID": "58ad777f-e346-47ae-a9e9-c2317cf413bd",
              "isHook": false,
              "skipped": false
            }
          ],
          "suites": [],
          "passes": [
            "12352075-6b34-428f-9e03-8988d112e267"
          ],
          "failures": [],
          "pending": [],
          "skipped": [],
          "duration": 276,
          "root": false,
          "rootEmpty": false,
          "_timeout": 2000
        }
      ],
      "passes": [
        "ad0fc5ff-fa11-4dfd-b0ec-2dd8606609bb"
      ],
      "failures": [],
      "pending": [],
      "skipped": [],
      "duration": 270,
      "root": true,
      "rootEmpty": false,
      "_timeout": 2000
    }
  ],
  "meta": {
    "mocha": {
      "version": "7.2.0"
    },
    "mochawesome": {
      "options": {
        "quiet": false,
        "reportFilename": "mochawesome",
        "saveHtml": true,
        "saveJson": true,
        "consoleReporter": "spec",
        "useInlineDiffs": false,
        "code": true
      },
      "version": "7.1.4"
    },
    "marge": {
      "options": {
        "reportDir": "cypress/reports",
        "overwrite": false,
        "html": true,
        "json": true
      },
      "version": "6.3.2"
    }
  }
}