{
  "stats": {
    "suites": 1,
    "tests": 3,
    "passes": 3,
    "pending": 0,
    "failures": 0,
    "start": "2026-05-05T00:51:52.581Z",
    "end": "2026-05-05T00:51:53.057Z",
    "duration": 476,
    "testsRegistered": 3,
    "passPercent": 100,
    "pendingPercent": 0,
    "other": 0,
    "hasOther": false,
    "skipped": 0,
    "hasSkipped": false
  },
  "results": [
    {
      "uuid": "591e577d-62d6-4558-a7c8-a25b9c7d423b",
      "title": "",
      "fullFile": "cypress/e2e/03_getPost.spec.js",
      "file": "cypress/e2e/03_getPost.spec.js",
      "beforeHooks": [],
      "afterHooks": [],
      "tests": [],
      "suites": [
        {
          "uuid": "38f907c0-c320-4e89-9385-e754c76ad350",
          "title": "Spec 03 - Get Post",
          "fullFile": "",
          "file": "",
          "beforeHooks": [],
          "afterHooks": [],
          "tests": [
            {
              "title": "should attempt to retrieve the created post",
              "fullTitle": "Spec 03 - Get Post should attempt to retrieve the created post",
              "timedOut": null,
              "duration": 257,
              "state": "passed",
              "speed": "fast",
              "pass": true,
              "fail": false,
              "pending": false,
              "context": null,
              "code": "// ** reads the stored ID from cypress.env.json using cy.readFile\ncy.readFile(\"cypress.env.json\").then(env => {\n  const postId = env.createdPostId;\n  cy.request({\n    method: \"GET\",\n    url: `/posts/${postId}`,\n    failOnStatusCode: false\n  }).then(response => {\n    // NOTE:\n    // JSONPlaceholder does not persist created resources.\n    // ** In a real API, this would return 200 and we would validate:\n    // expect(response.body.id).to.eq(postId)\n    // Here, we expect 404 due to mock limitation.\n    expect(response.status).to.eq(404);\n  });\n});",
              "err": {},
              "uuid": "5a8d89c6-7583-4284-8ce4-8845be9fd060",
              "parentUUID": "38f907c0-c320-4e89-9385-e754c76ad350",
              "isHook": false,
              "skipped": false
            },
            {
              "title": "should return 404 for invalid post ID",
              "fullTitle": "Spec 03 - Get Post should return 404 for invalid post ID",
              "timedOut": null,
              "duration": 82,
              "state": "passed",
              "speed": "fast",
              "pass": true,
              "fail": false,
              "pending": false,
              "context": null,
              "code": "cy.request({\n  method: \"GET\",\n  url: \"/posts/999999\",\n  failOnStatusCode: false\n}).then(response => {\n  expect(response.status).to.eq(404);\n});",
              "err": {},
              "uuid": "9f49ad73-0150-4281-ab72-be92d81eade8",
              "parentUUID": "38f907c0-c320-4e89-9385-e754c76ad350",
              "isHook": false,
              "skipped": false
            },
            {
              "title": "should retrieve all posts and validate response structure",
              "fullTitle": "Spec 03 - Get Post should retrieve all posts and validate response structure",
              "timedOut": null,
              "duration": 76,
              "state": "passed",
              "speed": "fast",
              "pass": true,
              "fail": false,
              "pending": false,
              "context": null,
              "code": "cy.request({\n  method: \"GET\",\n  url: \"/posts\"\n}).then(response => {\n  expect(response.status).to.eq(200);\n  expect(response.body).to.be.an(\"array\");\n  expect(response.body.length).to.be.greaterThan(0);\n});",
              "err": {},
              "uuid": "ab60bd24-5730-4ec6-9b26-056b59818805",
              "parentUUID": "38f907c0-c320-4e89-9385-e754c76ad350",
              "isHook": false,
              "skipped": false
            }
          ],
          "suites": [],
          "passes": [
            "5a8d89c6-7583-4284-8ce4-8845be9fd060",
            "9f49ad73-0150-4281-ab72-be92d81eade8",
            "ab60bd24-5730-4ec6-9b26-056b59818805"
          ],
          "failures": [],
          "pending": [],
          "skipped": [],
          "duration": 415,
          "root": false,
          "rootEmpty": false,
          "_timeout": 2000
        }
      ],
      "passes": [],
      "failures": [],
      "pending": [],
      "skipped": [],
      "duration": 0,
      "root": true,
      "rootEmpty": true,
      "_timeout": 2000
    }
  ],
  "meta": {
    "mocha": {
      "version": "7.2.0"
    },
    "mochawesome": {
      "options": {
        "quiet": false,
        "reportFilename": "mochawesome",
        "saveHtml": true,
        "saveJson": true,
        "consoleReporter": "spec",
        "useInlineDiffs": false,
        "code": true
      },
      "version": "7.1.4"
    },
    "marge": {
      "options": {
        "reportDir": "cypress/reports",
        "overwrite": false,
        "html": true,
        "json": true
      },
      "version": "6.3.2"
    }
  }
}