{
  "stats": {
    "suites": 1,
    "tests": 1,
    "passes": 1,
    "pending": 0,
    "failures": 0,
    "start": "2026-05-04T23:29:17.033Z",
    "end": "2026-05-04T23:29:17.635Z",
    "duration": 602,
    "testsRegistered": 1,
    "passPercent": 100,
    "pendingPercent": 0,
    "other": 0,
    "hasOther": false,
    "skipped": 0,
    "hasSkipped": false
  },
  "results": [
    {
      "uuid": "3e6b65e0-552b-4c43-aa5f-0ebcfe7c7d66",
      "title": "",
      "fullFile": "cypress/e2e/01_auth.spec.js",
      "file": "cypress/e2e/01_auth.spec.js",
      "beforeHooks": [],
      "afterHooks": [],
      "tests": [],
      "suites": [
        {
          "uuid": "23041f5e-90bc-44cc-9765-560302ec5a5b",
          "title": "Spec 01 - Authentication",
          "fullFile": "",
          "file": "",
          "beforeHooks": [],
          "afterHooks": [],
          "tests": [
            {
              "title": "should simulate login and store token",
              "fullTitle": "Spec 01 - Authentication should simulate login and store token",
              "timedOut": null,
              "duration": 568,
              "state": "passed",
              "speed": "fast",
              "pass": true,
              "fail": false,
              "pending": false,
              "context": null,
              "code": "// sends HTTP request \ncy.request({\n  method: \"POST\",\n  url: \"/users\",\n  // request body - pulls values from cypress.env.json\n  body: {\n    name: Cypress.env(\"username\"),\n    email: Cypress.env(\"email\")\n  }\n  //validation + logic, runs after API responds\n}).then(response => {\n  // Validate response, 201 = created\n  expect(response.status).to.eq(201);\n  expect(response.body).to.have.property(\"id\");\n  // save ID into variable   \n  const token = response.body.id;\n  // Save token in runtime\n  Cypress.env(\"token\", token);\n  // Persist token for other specs\n  cy.task(\"setEnv\", {\n    key: \"token\",\n    value: token\n  });\n});",
              "err": {},
              "uuid": "a9a7501c-a908-4b84-9d5d-decf6805971b",
              "parentUUID": "23041f5e-90bc-44cc-9765-560302ec5a5b",
              "isHook": false,
              "skipped": false
            }
          ],
          "suites": [],
          "passes": [
            "a9a7501c-a908-4b84-9d5d-decf6805971b"
          ],
          "failures": [],
          "pending": [],
          "skipped": [],
          "duration": 568,
          "root": false,
          "rootEmpty": false,
          "_timeout": 2000
        }
      ],
      "passes": [],
      "failures": [],
      "pending": [],
      "skipped": [],
      "duration": 0,
      "root": true,
      "rootEmpty": true,
      "_timeout": 2000
    }
  ],
  "meta": {
    "mocha": {
      "version": "7.2.0"
    },
    "mochawesome": {
      "options": {
        "quiet": false,
        "reportFilename": "mochawesome",
        "saveHtml": true,
        "saveJson": true,
        "consoleReporter": "spec",
        "useInlineDiffs": false,
        "code": true
      },
      "version": "7.1.4"
    },
    "marge": {
      "options": {
        "reportDir": "cypress/reports",
        "overwrite": false,
        "html": true,
        "json": true
      },
      "version": "6.3.2"
    }
  }
}