{
  "stats": {
    "suites": 1,
    "tests": 3,
    "passes": 3,
    "pending": 0,
    "failures": 0,
    "start": "2026-05-05T01:01:53.805Z",
    "end": "2026-05-05T01:01:54.351Z",
    "duration": 546,
    "testsRegistered": 3,
    "passPercent": 100,
    "pendingPercent": 0,
    "other": 0,
    "hasOther": false,
    "skipped": 0,
    "hasSkipped": false
  },
  "results": [
    {
      "uuid": "dc686f28-85b9-4885-9e6f-5b14e8ccafd0",
      "title": "",
      "fullFile": "cypress/e2e/03_getPost.spec.js",
      "file": "cypress/e2e/03_getPost.spec.js",
      "beforeHooks": [],
      "afterHooks": [],
      "tests": [],
      "suites": [
        {
          "uuid": "b66e712d-e611-44ed-bc69-34e6af5bb2fc",
          "title": "Spec 03 - Get Post",
          "fullFile": "",
          "file": "",
          "beforeHooks": [],
          "afterHooks": [],
          "tests": [
            {
              "title": "should attempt to retrieve the created post",
              "fullTitle": "Spec 03 - Get Post should attempt to retrieve the created post",
              "timedOut": null,
              "duration": 275,
              "state": "passed",
              "speed": "fast",
              "pass": true,
              "fail": false,
              "pending": false,
              "context": null,
              "code": "// ** reads the stored ID from cypress.env.json using cy.readFile\ncy.readFile(\"cypress.env.json\").then(env => {\n  const postId = env.createdPostId;\n  cy.request({\n    method: \"GET\",\n    url: `/posts/${postId}`,\n    failOnStatusCode: false\n  }).then(response => {\n    // NOTE:\n    // JSONPlaceholder does not persist created resources.\n    // ** In a real API, this would return 200 and we would validate:\n    // expect(response.body.id).to.eq(postId)\n    // Here, we expect 404 due to mock limitation.\n    expect(response.status).to.eq(404);\n  });\n});",
              "err": {},
              "uuid": "3270e32c-71ff-4c22-840b-e193d4d788de",
              "parentUUID": "b66e712d-e611-44ed-bc69-34e6af5bb2fc",
              "isHook": false,
              "skipped": false
            },
            {
              "title": "should return 404 for invalid post ID",
              "fullTitle": "Spec 03 - Get Post should return 404 for invalid post ID",
              "timedOut": null,
              "duration": 103,
              "state": "passed",
              "speed": "fast",
              "pass": true,
              "fail": false,
              "pending": false,
              "context": null,
              "code": "cy.request({\n  method: \"GET\",\n  url: \"/posts/999999\",\n  failOnStatusCode: false\n}).then(response => {\n  expect(response.status).to.eq(404);\n});",
              "err": {},
              "uuid": "cead77e3-306a-477f-824a-24104f94d919",
              "parentUUID": "b66e712d-e611-44ed-bc69-34e6af5bb2fc",
              "isHook": false,
              "skipped": false
            },
            {
              "title": "should retrieve all posts and validate response structure",
              "fullTitle": "Spec 03 - Get Post should retrieve all posts and validate response structure",
              "timedOut": null,
              "duration": 106,
              "state": "passed",
              "speed": "fast",
              "pass": true,
              "fail": false,
              "pending": false,
              "context": null,
              "code": "cy.request({\n  method: \"GET\",\n  url: \"/posts\"\n}).then(response => {\n  expect(response.status).to.eq(200);\n  expect(response.body).to.be.an(\"array\");\n  expect(response.body.length).to.be.greaterThan(0);\n});",
              "err": {},
              "uuid": "da5dcea3-ef73-437c-ac14-c804602b8e21",
              "parentUUID": "b66e712d-e611-44ed-bc69-34e6af5bb2fc",
              "isHook": false,
              "skipped": false
            }
          ],
          "suites": [],
          "passes": [
            "3270e32c-71ff-4c22-840b-e193d4d788de",
            "cead77e3-306a-477f-824a-24104f94d919",
            "da5dcea3-ef73-437c-ac14-c804602b8e21"
          ],
          "failures": [],
          "pending": [],
          "skipped": [],
          "duration": 484,
          "root": false,
          "rootEmpty": false,
          "_timeout": 2000
        }
      ],
      "passes": [],
      "failures": [],
      "pending": [],
      "skipped": [],
      "duration": 0,
      "root": true,
      "rootEmpty": true,
      "_timeout": 2000
    }
  ],
  "meta": {
    "mocha": {
      "version": "7.2.0"
    },
    "mochawesome": {
      "options": {
        "quiet": false,
        "reportFilename": "mochawesome",
        "saveHtml": true,
        "saveJson": true,
        "consoleReporter": "spec",
        "useInlineDiffs": false,
        "code": true
      },
      "version": "7.1.4"
    },
    "marge": {
      "options": {
        "reportDir": "cypress/reports",
        "overwrite": false,
        "html": true,
        "json": true
      },
      "version": "6.3.2"
    }
  }
}