{
  "stats": {
    "suites": 1,
    "tests": 3,
    "passes": 3,
    "pending": 0,
    "failures": 0,
    "start": "2026-05-05T00:51:49.731Z",
    "end": "2026-05-05T00:51:50.400Z",
    "duration": 669,
    "testsRegistered": 3,
    "passPercent": 100,
    "pendingPercent": 0,
    "other": 0,
    "hasOther": false,
    "skipped": 0,
    "hasSkipped": false
  },
  "results": [
    {
      "uuid": "b86c49bf-6cdb-4052-8871-265cebfdfa9e",
      "title": "",
      "fullFile": "cypress/e2e/02_createPost.spec.js",
      "file": "cypress/e2e/02_createPost.spec.js",
      "beforeHooks": [],
      "afterHooks": [],
      "tests": [],
      "suites": [
        {
          "uuid": "821b5b6a-d73e-478a-b45f-991074a3c7fa",
          "title": "Spec 02 - Create Post",
          "fullFile": "",
          "file": "",
          "beforeHooks": [],
          "afterHooks": [],
          "tests": [
            {
              "title": "should create a post successfully",
              "fullTitle": "Spec 02 - Create Post should create a post successfully",
              "timedOut": null,
              "duration": 339,
              "state": "passed",
              "speed": "fast",
              "pass": true,
              "fail": false,
              "pending": false,
              "context": null,
              "code": "// ** loads request body from a fixture file (cypress/fixtures/createPost.json)\n// this separates test data from test logic -> more maintainable, reusable, easier update\ncy.fixture(\"createPost\").then(postData => {\n  cy.request({\n    method: \"POST\",\n    url: \"/posts\",\n    headers: {\n      Authorization: `Bearer ${Cypress.env(\"token\")}`\n    },\n    body: postData\n  }).then(response => {\n    // ** validates response contains an id, title, and body\n    expect(response.status).to.eq(201);\n    expect(response.body).to.have.property(\"id\");\n    expect(response.body).to.have.property(\"title\");\n    expect(response.body).to.have.property(\"body\");\n    const postId = response.body.id;\n    // **  creates and stores created ID to cypress.env.json using cy.task\n    Cypress.env(\"createdPostId\", postId);\n    cy.task(\"setEnv\", {\n      key: \"createdPostId\",\n      value: postId\n    });\n  });\n});",
              "err": {},
              "uuid": "872e1312-dfbc-41c4-a705-a7c7d0b79b8f",
              "parentUUID": "821b5b6a-d73e-478a-b45f-991074a3c7fa",
              "isHook": false,
              "skipped": false
            },
            {
              "title": "should fail to create post with missing title",
              "fullTitle": "Spec 02 - Create Post should fail to create post with missing title",
              "timedOut": null,
              "duration": 133,
              "state": "passed",
              "speed": "fast",
              "pass": true,
              "fail": false,
              "pending": false,
              "context": null,
              "code": "cy.request({\n  method: \"POST\",\n  url: \"/posts\",\n  failOnStatusCode: false,\n  body: {\n    body: \"Missing title\",\n    userId: 1\n  }\n}).then(response => {\n  // NOTE:\n  // The request is missing a required field (title).\n  // JSONPlaceholder still returns 201 because it does not validate input.\n  // In a real API, this would return 400 Bad Request.\n  expect(response.status).to.eq(201);\n});",
              "err": {},
              "uuid": "10529490-8fd1-4b1d-a2e5-0f5900a46829",
              "parentUUID": "821b5b6a-d73e-478a-b45f-991074a3c7fa",
              "isHook": false,
              "skipped": false
            },
            {
              "title": "should fail to create post without authorization header (expected real API behavior)",
              "fullTitle": "Spec 02 - Create Post should fail to create post without authorization header (expected real API behavior)",
              "timedOut": null,
              "duration": 132,
              "state": "passed",
              "speed": "fast",
              "pass": true,
              "fail": false,
              "pending": false,
              "context": null,
              "code": "cy.fixture(\"createPost\").then(postData => {\n  cy.request({\n    method: \"POST\",\n    url: \"/posts\",\n    failOnStatusCode: false,\n    body: postData\n  }).then(response => {\n    // NOTE:\n    // JSONPlaceholder does not enforce authentication.\n    // In a real API, this would return 401 Unauthorized.\n    expect(response.status).to.eq(201);\n    expect(response.body).to.have.property(\"id\");\n  });\n});",
              "err": {},
              "uuid": "4fe2b1ec-0dd0-47f5-99df-8d8694ebe24f",
              "parentUUID": "821b5b6a-d73e-478a-b45f-991074a3c7fa",
              "isHook": false,
              "skipped": false
            }
          ],
          "suites": [],
          "passes": [
            "872e1312-dfbc-41c4-a705-a7c7d0b79b8f",
            "10529490-8fd1-4b1d-a2e5-0f5900a46829",
            "4fe2b1ec-0dd0-47f5-99df-8d8694ebe24f"
          ],
          "failures": [],
          "pending": [],
          "skipped": [],
          "duration": 604,
          "root": false,
          "rootEmpty": false,
          "_timeout": 2000
        }
      ],
      "passes": [],
      "failures": [],
      "pending": [],
      "skipped": [],
      "duration": 0,
      "root": true,
      "rootEmpty": true,
      "_timeout": 2000
    }
  ],
  "meta": {
    "mocha": {
      "version": "7.2.0"
    },
    "mochawesome": {
      "options": {
        "quiet": false,
        "reportFilename": "mochawesome",
        "saveHtml": true,
        "saveJson": true,
        "consoleReporter": "spec",
        "useInlineDiffs": false,
        "code": true
      },
      "version": "7.1.4"
    },
    "marge": {
      "options": {
        "reportDir": "cypress/reports",
        "overwrite": false,
        "html": true,
        "json": true
      },
      "version": "6.3.2"
    }
  }
}