{
  "stats": {
    "suites": 0,
    "tests": 2,
    "passes": 2,
    "pending": 0,
    "failures": 0,
    "start": "2026-05-04T23:47:51.689Z",
    "end": "2026-05-04T23:47:51.910Z",
    "duration": 221,
    "testsRegistered": 2,
    "passPercent": 100,
    "pendingPercent": 0,
    "other": 0,
    "hasOther": false,
    "skipped": 0,
    "hasSkipped": false
  },
  "results": [
    {
      "uuid": "a4e0b9ea-43cb-4ce3-a2f2-cb5493771369",
      "title": "",
      "fullFile": "cypress/e2e/03_getPost.spec.js",
      "file": "cypress/e2e/03_getPost.spec.js",
      "beforeHooks": [],
      "afterHooks": [],
      "tests": [
        {
          "title": "should attempt to retrieve the created post (mock limitation)",
          "fullTitle": "should attempt to retrieve the created post (mock limitation)",
          "timedOut": null,
          "duration": 110,
          "state": "passed",
          "speed": "fast",
          "pass": true,
          "fail": false,
          "pending": false,
          "context": null,
          "code": "const postId = Cypress.env(\"createdPostId\");\ncy.request({\n  method: \"GET\",\n  url: `/posts/${postId}`,\n  failOnStatusCode: false\n}).then(response => {\n  // NOTE:\n  // JSONPlaceholder does not persist newly created resources.\n  // In a real API, this request would return 200 and the created post.\n  // Here, we expect a 404 due to this limitation.\n  expect(response.status).to.eq(404);\n});",
          "err": {},
          "uuid": "86b50af2-a6d6-4bc7-b538-8b084312ac06",
          "parentUUID": "a4e0b9ea-43cb-4ce3-a2f2-cb5493771369",
          "isHook": false,
          "skipped": false
        },
        {
          "title": "should return 404 for invalid post ID",
          "fullTitle": "should return 404 for invalid post ID",
          "timedOut": null,
          "duration": 66,
          "state": "passed",
          "speed": "fast",
          "pass": true,
          "fail": false,
          "pending": false,
          "context": null,
          "code": "cy.request({\n  method: \"GET\",\n  url: \"/posts/999999\",\n  failOnStatusCode: false\n}).then(response => {\n  expect(response.status).to.eq(404);\n});",
          "err": {},
          "uuid": "ef4f1d73-ecac-4edf-9252-bfd848768a54",
          "parentUUID": "a4e0b9ea-43cb-4ce3-a2f2-cb5493771369",
          "isHook": false,
          "skipped": false
        }
      ],
      "suites": [],
      "passes": [
        "86b50af2-a6d6-4bc7-b538-8b084312ac06",
        "ef4f1d73-ecac-4edf-9252-bfd848768a54"
      ],
      "failures": [],
      "pending": [],
      "skipped": [],
      "duration": 176,
      "root": true,
      "rootEmpty": false,
      "_timeout": 2000
    }
  ],
  "meta": {
    "mocha": {
      "version": "7.2.0"
    },
    "mochawesome": {
      "options": {
        "quiet": false,
        "reportFilename": "mochawesome",
        "saveHtml": true,
        "saveJson": true,
        "consoleReporter": "spec",
        "useInlineDiffs": false,
        "code": true
      },
      "version": "7.1.4"
    },
    "marge": {
      "options": {
        "reportDir": "cypress/reports",
        "overwrite": false,
        "html": true,
        "json": true
      },
      "version": "6.3.2"
    }
  }
}