{
  "stats": {
    "suites": 1,
    "tests": 2,
    "passes": 2,
    "pending": 0,
    "failures": 0,
    "start": "2026-05-05T00:03:30.136Z",
    "end": "2026-05-05T00:03:30.608Z",
    "duration": 472,
    "testsRegistered": 2,
    "passPercent": 100,
    "pendingPercent": 0,
    "other": 0,
    "hasOther": false,
    "skipped": 0,
    "hasSkipped": false
  },
  "results": [
    {
      "uuid": "5685a97a-5e2e-4dde-a671-5c12bd068f3d",
      "title": "",
      "fullFile": "cypress/e2e/04_deletePost.spec.js",
      "file": "cypress/e2e/04_deletePost.spec.js",
      "beforeHooks": [],
      "afterHooks": [],
      "tests": [],
      "suites": [
        {
          "uuid": "d0b8033e-d447-44e2-8274-ccf1ad742ad6",
          "title": "Spec 04 - Delete Post",
          "fullFile": "",
          "file": "",
          "beforeHooks": [],
          "afterHooks": [],
          "tests": [
            {
              "title": "should delete a post (mock behavior)",
              "fullTitle": "Spec 04 - Delete Post should delete a post (mock behavior)",
              "timedOut": null,
              "duration": 310,
              "state": "passed",
              "speed": "fast",
              "pass": true,
              "fail": false,
              "pending": false,
              "context": null,
              "code": "const postId = Cypress.env(\"createdPostId\");\ncy.request({\n  method: \"DELETE\",\n  url: `/posts/${postId}`,\n  failOnStatusCode: false\n}).then(response => {\n  // JSONPlaceholder always returns 200 for DELETE\n  expect(response.status).to.eq(200);\n});",
              "err": {},
              "uuid": "a4660ac0-16d3-4a42-a9f5-3e78c06acbbf",
              "parentUUID": "d0b8033e-d447-44e2-8274-ccf1ad742ad6",
              "isHook": false,
              "skipped": false
            },
            {
              "title": "should return 200 even for non-existent post (mock limitation)",
              "fullTitle": "Spec 04 - Delete Post should return 200 even for non-existent post (mock limitation)",
              "timedOut": null,
              "duration": 119,
              "state": "passed",
              "speed": "fast",
              "pass": true,
              "fail": false,
              "pending": false,
              "context": null,
              "code": "cy.request({\n  method: \"DELETE\",\n  url: \"/posts/999999\",\n  failOnStatusCode: false\n}).then(response => {\n  // Real API would likely return 404\n  expect(response.status).to.eq(200);\n});",
              "err": {},
              "uuid": "90f35ef6-5984-4ecd-a3b7-765c82cf514c",
              "parentUUID": "d0b8033e-d447-44e2-8274-ccf1ad742ad6",
              "isHook": false,
              "skipped": false
            }
          ],
          "suites": [],
          "passes": [
            "a4660ac0-16d3-4a42-a9f5-3e78c06acbbf",
            "90f35ef6-5984-4ecd-a3b7-765c82cf514c"
          ],
          "failures": [],
          "pending": [],
          "skipped": [],
          "duration": 429,
          "root": false,
          "rootEmpty": false,
          "_timeout": 2000
        }
      ],
      "passes": [],
      "failures": [],
      "pending": [],
      "skipped": [],
      "duration": 0,
      "root": true,
      "rootEmpty": true,
      "_timeout": 2000
    }
  ],
  "meta": {
    "mocha": {
      "version": "7.2.0"
    },
    "mochawesome": {
      "options": {
        "quiet": false,
        "reportFilename": "mochawesome",
        "saveHtml": true,
        "saveJson": true,
        "consoleReporter": "spec",
        "useInlineDiffs": false,
        "code": true
      },
      "version": "7.1.4"
    },
    "marge": {
      "options": {
        "reportDir": "cypress/reports",
        "overwrite": false,
        "html": true,
        "json": true
      },
      "version": "6.3.2"
    }
  }
}