{
  "stats": {
    "suites": 1,
    "tests": 1,
    "passes": 1,
    "pending": 0,
    "failures": 0,
    "start": "2026-05-05T00:51:47.117Z",
    "end": "2026-05-05T00:51:47.490Z",
    "duration": 373,
    "testsRegistered": 1,
    "passPercent": 100,
    "pendingPercent": 0,
    "other": 0,
    "hasOther": false,
    "skipped": 0,
    "hasSkipped": false
  },
  "results": [
    {
      "uuid": "8d183dfc-d026-48f4-a957-2a9a46b695b8",
      "title": "",
      "fullFile": "cypress/e2e/01_auth.spec.js",
      "file": "cypress/e2e/01_auth.spec.js",
      "beforeHooks": [],
      "afterHooks": [],
      "tests": [],
      "suites": [
        {
          "uuid": "8565eadd-2dce-4c85-8910-9719df7f9347",
          "title": "Spec 01 - Authentication",
          "fullFile": "",
          "file": "",
          "beforeHooks": [],
          "afterHooks": [],
          "tests": [
            {
              "title": "should simulate login and store token",
              "fullTitle": "Spec 01 - Authentication should simulate login and store token",
              "timedOut": null,
              "duration": 345,
              "state": "passed",
              "speed": "fast",
              "pass": true,
              "fail": false,
              "pending": false,
              "context": null,
              "code": "// sends HTTP request ** POST to /users and captures then returns ID as simulated token\ncy.request({\n  method: \"POST\",\n  url: \"/users\",\n  // request body - pulls values from cypress.env.json\n  body: {\n    name: Cypress.env(\"username\"),\n    email: Cypress.env(\"email\")\n  }\n  //validation + logic, runs after API responds\n}).then(response => {\n  // ** Validate response is 201 (created) and body contains property id\n  expect(response.status).to.eq(201);\n  expect(response.body).to.have.property(\"id\");\n  // save ID into variable   \n  const token = response.body.id;\n  // Save token in runtime\n  Cypress.env(\"token\", token);\n  // ** Persist token for other specs\n  cy.task(\"setEnv\", {\n    key: \"token\",\n    value: token\n  });\n});",
              "err": {},
              "uuid": "09375d0f-4f19-41fe-8071-f4b60d750c2e",
              "parentUUID": "8565eadd-2dce-4c85-8910-9719df7f9347",
              "isHook": false,
              "skipped": false
            }
          ],
          "suites": [],
          "passes": [
            "09375d0f-4f19-41fe-8071-f4b60d750c2e"
          ],
          "failures": [],
          "pending": [],
          "skipped": [],
          "duration": 345,
          "root": false,
          "rootEmpty": false,
          "_timeout": 2000
        }
      ],
      "passes": [],
      "failures": [],
      "pending": [],
      "skipped": [],
      "duration": 0,
      "root": true,
      "rootEmpty": true,
      "_timeout": 2000
    }
  ],
  "meta": {
    "mocha": {
      "version": "7.2.0"
    },
    "mochawesome": {
      "options": {
        "quiet": false,
        "reportFilename": "mochawesome",
        "saveHtml": true,
        "saveJson": true,
        "consoleReporter": "spec",
        "useInlineDiffs": false,
        "code": true
      },
      "version": "7.1.4"
    },
    "marge": {
      "options": {
        "reportDir": "cypress/reports",
        "overwrite": false,
        "html": true,
        "json": true
      },
      "version": "6.3.2"
    }
  }
}