{
  "stats": {
    "suites": 1,
    "tests": 3,
    "passes": 3,
    "pending": 0,
    "failures": 0,
    "start": "2026-05-05T01:01:50.885Z",
    "end": "2026-05-05T01:01:51.546Z",
    "duration": 661,
    "testsRegistered": 3,
    "passPercent": 100,
    "pendingPercent": 0,
    "other": 0,
    "hasOther": false,
    "skipped": 0,
    "hasSkipped": false
  },
  "results": [
    {
      "uuid": "70923468-88a0-461d-92a6-6830242415a7",
      "title": "",
      "fullFile": "cypress/e2e/02_createPost.spec.js",
      "file": "cypress/e2e/02_createPost.spec.js",
      "beforeHooks": [],
      "afterHooks": [],
      "tests": [],
      "suites": [
        {
          "uuid": "0d130d32-4b1c-4dae-bb13-b8b024ca30c0",
          "title": "Spec 02 - Create Post",
          "fullFile": "",
          "file": "",
          "beforeHooks": [],
          "afterHooks": [],
          "tests": [
            {
              "title": "should create a post successfully",
              "fullTitle": "Spec 02 - Create Post should create a post successfully",
              "timedOut": null,
              "duration": 329,
              "state": "passed",
              "speed": "fast",
              "pass": true,
              "fail": false,
              "pending": false,
              "context": null,
              "code": "// ** loads request body from a fixture file (cypress/fixtures/createPost.json)\n// this separates test data from test logic -> more maintainable, reusable, easier update\ncy.fixture(\"createPost\").then(postData => {\n  cy.request({\n    method: \"POST\",\n    url: \"/posts\",\n    headers: {\n      Authorization: `Bearer ${Cypress.env(\"token\")}`\n    },\n    body: postData\n  }).then(response => {\n    // ** validates response contains an id, title, and body\n    expect(response.status).to.eq(201);\n    expect(response.body).to.have.property(\"id\");\n    expect(response.body).to.have.property(\"title\");\n    expect(response.body).to.have.property(\"body\");\n    const postId = response.body.id;\n    // **  creates and stores created ID to cypress.env.json using cy.task\n    Cypress.env(\"createdPostId\", postId);\n    cy.task(\"setEnv\", {\n      key: \"createdPostId\",\n      value: postId\n    });\n  });\n});",
              "err": {},
              "uuid": "4a7fa472-6829-43f3-b92e-28d2d5fe3e42",
              "parentUUID": "0d130d32-4b1c-4dae-bb13-b8b024ca30c0",
              "isHook": false,
              "skipped": false
            },
            {
              "title": "should fail to create post with missing title",
              "fullTitle": "Spec 02 - Create Post should fail to create post with missing title",
              "timedOut": null,
              "duration": 137,
              "state": "passed",
              "speed": "fast",
              "pass": true,
              "fail": false,
              "pending": false,
              "context": null,
              "code": "cy.request({\n  method: \"POST\",\n  url: \"/posts\",\n  failOnStatusCode: false,\n  body: {\n    body: \"Missing title\",\n    userId: 1\n  }\n}).then(response => {\n  // NOTE:\n  // The request is missing a required field (title).\n  // JSONPlaceholder still returns 201 because it does not validate input.\n  // In a real API, this would return 400 Bad Request.\n  expect(response.status).to.eq(201);\n});",
              "err": {},
              "uuid": "6bfbeae1-e3de-4c24-b6b1-b7e37ce3673a",
              "parentUUID": "0d130d32-4b1c-4dae-bb13-b8b024ca30c0",
              "isHook": false,
              "skipped": false
            },
            {
              "title": "should fail to create post without authorization header (expected real API behavior)",
              "fullTitle": "Spec 02 - Create Post should fail to create post without authorization header (expected real API behavior)",
              "timedOut": null,
              "duration": 134,
              "state": "passed",
              "speed": "fast",
              "pass": true,
              "fail": false,
              "pending": false,
              "context": null,
              "code": "cy.fixture(\"createPost\").then(postData => {\n  cy.request({\n    method: \"POST\",\n    url: \"/posts\",\n    failOnStatusCode: false,\n    body: postData\n  }).then(response => {\n    // NOTE:\n    // JSONPlaceholder does not enforce authentication.\n    // In a real API, this would return 401 Unauthorized.\n    expect(response.status).to.eq(201);\n    expect(response.body).to.have.property(\"id\");\n  });\n});",
              "err": {},
              "uuid": "1545c928-6168-4dec-bbb2-c1016d488dfa",
              "parentUUID": "0d130d32-4b1c-4dae-bb13-b8b024ca30c0",
              "isHook": false,
              "skipped": false
            }
          ],
          "suites": [],
          "passes": [
            "4a7fa472-6829-43f3-b92e-28d2d5fe3e42",
            "6bfbeae1-e3de-4c24-b6b1-b7e37ce3673a",
            "1545c928-6168-4dec-bbb2-c1016d488dfa"
          ],
          "failures": [],
          "pending": [],
          "skipped": [],
          "duration": 600,
          "root": false,
          "rootEmpty": false,
          "_timeout": 2000
        }
      ],
      "passes": [],
      "failures": [],
      "pending": [],
      "skipped": [],
      "duration": 0,
      "root": true,
      "rootEmpty": true,
      "_timeout": 2000
    }
  ],
  "meta": {
    "mocha": {
      "version": "7.2.0"
    },
    "mochawesome": {
      "options": {
        "quiet": false,
        "reportFilename": "mochawesome",
        "saveHtml": true,
        "saveJson": true,
        "consoleReporter": "spec",
        "useInlineDiffs": false,
        "code": true
      },
      "version": "7.1.4"
    },
    "marge": {
      "options": {
        "reportDir": "cypress/reports",
        "overwrite": false,
        "html": true,
        "json": true
      },
      "version": "6.3.2"
    }
  }
}