{
  "stats": {
    "suites": 0,
    "tests": 2,
    "passes": 2,
    "pending": 0,
    "failures": 0,
    "start": "2026-05-05T00:03:27.233Z",
    "end": "2026-05-05T00:03:27.449Z",
    "duration": 216,
    "testsRegistered": 2,
    "passPercent": 100,
    "pendingPercent": 0,
    "other": 0,
    "hasOther": false,
    "skipped": 0,
    "hasSkipped": false
  },
  "results": [
    {
      "uuid": "c684a1eb-06d8-495a-b953-f388856065c7",
      "title": "",
      "fullFile": "cypress/e2e/03_getPost.spec.js",
      "file": "cypress/e2e/03_getPost.spec.js",
      "beforeHooks": [],
      "afterHooks": [],
      "tests": [
        {
          "title": "should attempt to retrieve the created post (mock limitation)",
          "fullTitle": "should attempt to retrieve the created post (mock limitation)",
          "timedOut": null,
          "duration": 114,
          "state": "passed",
          "speed": "fast",
          "pass": true,
          "fail": false,
          "pending": false,
          "context": null,
          "code": "const postId = Cypress.env(\"createdPostId\");\ncy.request({\n  method: \"GET\",\n  url: `/posts/${postId}`,\n  failOnStatusCode: false\n}).then(response => {\n  // NOTE:\n  // JSONPlaceholder does not persist newly created resources.\n  // In a real API, this request would return 200 and the created post.\n  // Here, we expect a 404 due to this limitation.\n  expect(response.status).to.eq(404);\n});",
          "err": {},
          "uuid": "8ea84ae7-7928-4f10-a76e-a8f7ccea3cd0",
          "parentUUID": "c684a1eb-06d8-495a-b953-f388856065c7",
          "isHook": false,
          "skipped": false
        },
        {
          "title": "should return 404 for invalid post ID",
          "fullTitle": "should return 404 for invalid post ID",
          "timedOut": null,
          "duration": 60,
          "state": "passed",
          "speed": "fast",
          "pass": true,
          "fail": false,
          "pending": false,
          "context": null,
          "code": "cy.request({\n  method: \"GET\",\n  url: \"/posts/999999\",\n  failOnStatusCode: false\n}).then(response => {\n  expect(response.status).to.eq(404);\n});",
          "err": {},
          "uuid": "553d5b99-e9c4-4d80-b538-9fdffe036a79",
          "parentUUID": "c684a1eb-06d8-495a-b953-f388856065c7",
          "isHook": false,
          "skipped": false
        }
      ],
      "suites": [],
      "passes": [
        "8ea84ae7-7928-4f10-a76e-a8f7ccea3cd0",
        "553d5b99-e9c4-4d80-b538-9fdffe036a79"
      ],
      "failures": [],
      "pending": [],
      "skipped": [],
      "duration": 174,
      "root": true,
      "rootEmpty": false,
      "_timeout": 2000
    }
  ],
  "meta": {
    "mocha": {
      "version": "7.2.0"
    },
    "mochawesome": {
      "options": {
        "quiet": false,
        "reportFilename": "mochawesome",
        "saveHtml": true,
        "saveJson": true,
        "consoleReporter": "spec",
        "useInlineDiffs": false,
        "code": true
      },
      "version": "7.1.4"
    },
    "marge": {
      "options": {
        "reportDir": "cypress/reports",
        "overwrite": false,
        "html": true,
        "json": true
      },
      "version": "6.3.2"
    }
  }
}